<?xml version="1.0" encoding="UTF-8"?>
<testng-results skipped="0" failed="2" ignored="0" total="4" passed="2">
  <reporter-output>
  </reporter-output>
  <suite name="Suite" duration-ms="35025" started-at="2020-01-03T01:58:49Z" finished-at="2020-01-03T01:59:24Z">
    <groups>
    </groups>
    <test name="Test" duration-ms="35025" started-at="2020-01-03T01:58:49Z" finished-at="2020-01-03T01:59:24Z">
      <class name="com.hubdpot.tests.NOPCommerceDemo2">
        <test-method status="PASS" signature="setUp()[pri:0, instance:com.hubdpot.tests.NOPCommerceDemo2@6fd02e5]" name="setUp" is-config="true" duration-ms="6659" started-at="2020-01-03T01:59:07Z" finished-at="2020-01-03T01:59:14Z">
          <reporter-output>
          </reporter-output>
        </test-method> <!-- setUp -->
        <test-method status="FAIL" signature="pageTitleTest()[pri:0, instance:com.hubdpot.tests.NOPCommerceDemo2@6fd02e5]" name="pageTitleTest" duration-ms="26" started-at="2020-01-03T01:59:14Z" finished-at="2020-01-03T01:59:14Z">
          <exception class="java.lang.AssertionError">
            <message>
              <![CDATA[expected [nopCommerce demo123 store] but found [nopCommerce demo store]]]>
            </message>
            <full-stacktrace>
              <![CDATA[java.lang.AssertionError: expected [nopCommerce demo123 store] but found [nopCommerce demo store]
at org.testng.Assert.fail(Assert.java:96)
at org.testng.Assert.failNotEquals(Assert.java:776)
at org.testng.Assert.assertEqualsImpl(Assert.java:137)
at org.testng.Assert.assertEquals(Assert.java:118)
at org.testng.Assert.assertEquals(Assert.java:453)
at org.testng.Assert.assertEquals(Assert.java:463)
at com.hubdpot.tests.NOPCommerceDemo2.pageTitleTest(NOPCommerceDemo2.java:103)
at sun.reflect.NativeMethodAccessorImpl.invoke0(Native Method)
at sun.reflect.NativeMethodAccessorImpl.invoke(NativeMethodAccessorImpl.java:62)
at sun.reflect.DelegatingMethodAccessorImpl.invoke(DelegatingMethodAccessorImpl.java:43)
at java.lang.reflect.Method.invoke(Method.java:498)
at org.testng.internal.MethodInvocationHelper.invokeMethod(MethodInvocationHelper.java:124)
at org.testng.internal.Invoker.invokeMethod(Invoker.java:583)
at org.testng.internal.Invoker.invokeTestMethod(Invoker.java:719)
at org.testng.internal.Invoker.invokeTestMethods(Invoker.java:989)
at org.testng.internal.TestMethodWorker.invokeTestMethods(TestMethodWorker.java:125)
at org.testng.internal.TestMethodWorker.run(TestMethodWorker.java:109)
at org.testng.TestRunner.privateRun(TestRunner.java:648)
at org.testng.TestRunner.run(TestRunner.java:505)
at org.testng.SuiteRunner.runTest(SuiteRunner.java:455)
at org.testng.SuiteRunner.runSequentially(SuiteRunner.java:450)
at org.testng.SuiteRunner.privateRun(SuiteRunner.java:415)
at org.testng.SuiteRunner.run(SuiteRunner.java:364)
at org.testng.SuiteRunnerWorker.runSuite(SuiteRunnerWorker.java:52)
at org.testng.SuiteRunnerWorker.run(SuiteRunnerWorker.java:84)
at org.testng.TestNG.runSuitesSequentially(TestNG.java:1208)
at org.testng.TestNG.runSuitesLocally(TestNG.java:1137)
at org.testng.TestNG.runSuites(TestNG.java:1049)
at org.testng.TestNG.run(TestNG.java:1017)
at org.testng.remote.AbstractRemoteTestNG.run(AbstractRemoteTestNG.java:115)
at org.testng.remote.RemoteTestNG.initAndRun(RemoteTestNG.java:251)
at org.testng.remote.RemoteTestNG.main(RemoteTestNG.java:77)
]]>
            </full-stacktrace>
          </exception> <!-- java.lang.AssertionError -->
          <reporter-output>
          </reporter-output>
        </test-method> <!-- pageTitleTest -->
        <test-method status="PASS" signature="tearDown(org.testng.ITestResult)[pri:0, instance:com.hubdpot.tests.NOPCommerceDemo2@6fd02e5]" name="tearDown" is-config="true" duration-ms="1361" started-at="2020-01-03T01:59:14Z" finished-at="2020-01-03T01:59:15Z">
          <params>
            <param index="0">
              <value>
                <![CDATA[[TestResult name=pageTitleTest status=FAILURE method=NOPCommerceDemo2.pageTitleTest()[pri:0, instance:com.hubdpot.tests.NOPCommerceDemo2@6fd02e5] output={null}]]]>
              </value>
            </param>
          </params>
          <reporter-output>
          </reporter-output>
        </test-method> <!-- tearDown -->
        <test-method status="PASS" signature="setUp()[pri:0, instance:com.hubdpot.tests.NOPCommerceDemo2@6fd02e5]" name="setUp" is-config="true" duration-ms="6724" started-at="2020-01-03T01:59:15Z" finished-at="2020-01-03T01:59:22Z">
          <reporter-output>
          </reporter-output>
        </test-method> <!-- setUp -->
        <test-method status="PASS" signature="pageURLTest()[pri:0, instance:com.hubdpot.tests.NOPCommerceDemo2@6fd02e5]" name="pageURLTest" duration-ms="30" started-at="2020-01-03T01:59:22Z" finished-at="2020-01-03T01:59:22Z">
          <reporter-output>
          </reporter-output>
        </test-method> <!-- pageURLTest -->
        <test-method status="PASS" signature="tearDown(org.testng.ITestResult)[pri:0, instance:com.hubdpot.tests.NOPCommerceDemo2@6fd02e5]" name="tearDown" is-config="true" duration-ms="855" started-at="2020-01-03T01:59:22Z" finished-at="2020-01-03T01:59:23Z">
          <params>
            <param index="0">
              <value>
                <![CDATA[[TestResult name=pageURLTest status=SUCCESS method=NOPCommerceDemo2.pageURLTest()[pri:0, instance:com.hubdpot.tests.NOPCommerceDemo2@6fd02e5] output={null}]]]>
              </value>
            </param>
          </params>
          <reporter-output>
          </reporter-output>
        </test-method> <!-- tearDown -->
      </class> <!-- com.hubdpot.tests.NOPCommerceDemo2 -->
      <class name="com.hubdpot.tests.NOPCommerceDemo1">
        <test-method status="PASS" signature="setExtent()[pri:0, instance:com.hubdpot.tests.NOPCommerceDemo1@5700d6b1]" name="setExtent" is-config="true" duration-ms="356" started-at="2020-01-03T01:58:49Z" finished-at="2020-01-03T01:58:49Z">
          <reporter-output>
          </reporter-output>
        </test-method> <!-- setExtent -->
        <test-method status="PASS" signature="setExtent()[pri:0, instance:com.hubdpot.tests.NOPCommerceDemo2@6fd02e5]" name="setExtent" is-config="true" duration-ms="2" started-at="2020-01-03T01:58:49Z" finished-at="2020-01-03T01:58:49Z">
          <reporter-output>
          </reporter-output>
        </test-method> <!-- setExtent -->
        <test-method status="PASS" signature="setUp()[pri:0, instance:com.hubdpot.tests.NOPCommerceDemo1@5700d6b1]" name="setUp" is-config="true" duration-ms="8886" started-at="2020-01-03T01:58:49Z" finished-at="2020-01-03T01:58:58Z">
          <reporter-output>
          </reporter-output>
        </test-method> <!-- setUp -->
        <test-method status="FAIL" signature="pageTitleTest()[pri:0, instance:com.hubdpot.tests.NOPCommerceDemo1@5700d6b1]" name="pageTitleTest" duration-ms="47" started-at="2020-01-03T01:58:58Z" finished-at="2020-01-03T01:58:58Z">
          <exception class="java.lang.AssertionError">
            <message>
              <![CDATA[expected [nopCommerce demo123 store] but found [nopCommerce demo store]]]>
            </message>
            <full-stacktrace>
              <![CDATA[java.lang.AssertionError: expected [nopCommerce demo123 store] but found [nopCommerce demo store]
at org.testng.Assert.fail(Assert.java:96)
at org.testng.Assert.failNotEquals(Assert.java:776)
at org.testng.Assert.assertEqualsImpl(Assert.java:137)
at org.testng.Assert.assertEquals(Assert.java:118)
at org.testng.Assert.assertEquals(Assert.java:453)
at org.testng.Assert.assertEquals(Assert.java:463)
at com.hubdpot.tests.NOPCommerceDemo1.pageTitleTest(NOPCommerceDemo1.java:103)
at sun.reflect.NativeMethodAccessorImpl.invoke0(Native Method)
at sun.reflect.NativeMethodAccessorImpl.invoke(NativeMethodAccessorImpl.java:62)
at sun.reflect.DelegatingMethodAccessorImpl.invoke(DelegatingMethodAccessorImpl.java:43)
at java.lang.reflect.Method.invoke(Method.java:498)
at org.testng.internal.MethodInvocationHelper.invokeMethod(MethodInvocationHelper.java:124)
at org.testng.internal.Invoker.invokeMethod(Invoker.java:583)
at org.testng.internal.Invoker.invokeTestMethod(Invoker.java:719)
at org.testng.internal.Invoker.invokeTestMethods(Invoker.java:989)
at org.testng.internal.TestMethodWorker.invokeTestMethods(TestMethodWorker.java:125)
at org.testng.internal.TestMethodWorker.run(TestMethodWorker.java:109)
at org.testng.TestRunner.privateRun(TestRunner.java:648)
at org.testng.TestRunner.run(TestRunner.java:505)
at org.testng.SuiteRunner.runTest(SuiteRunner.java:455)
at org.testng.SuiteRunner.runSequentially(SuiteRunner.java:450)
at org.testng.SuiteRunner.privateRun(SuiteRunner.java:415)
at org.testng.SuiteRunner.run(SuiteRunner.java:364)
at org.testng.SuiteRunnerWorker.runSuite(SuiteRunnerWorker.java:52)
at org.testng.SuiteRunnerWorker.run(SuiteRunnerWorker.java:84)
at org.testng.TestNG.runSuitesSequentially(TestNG.java:1208)
at org.testng.TestNG.runSuitesLocally(TestNG.java:1137)
at org.testng.TestNG.runSuites(TestNG.java:1049)
at org.testng.TestNG.run(TestNG.java:1017)
at org.testng.remote.AbstractRemoteTestNG.run(AbstractRemoteTestNG.java:115)
at org.testng.remote.RemoteTestNG.initAndRun(RemoteTestNG.java:251)
at org.testng.remote.RemoteTestNG.main(RemoteTestNG.java:77)
]]>
            </full-stacktrace>
          </exception> <!-- java.lang.AssertionError -->
          <reporter-output>
          </reporter-output>
        </test-method> <!-- pageTitleTest -->
        <test-method status="PASS" signature="tearDown(org.testng.ITestResult)[pri:0, instance:com.hubdpot.tests.NOPCommerceDemo1@5700d6b1]" name="tearDown" is-config="true" duration-ms="1688" started-at="2020-01-03T01:58:58Z" finished-at="2020-01-03T01:59:00Z">
          <params>
            <param index="0">
              <value>
                <![CDATA[[TestResult name=pageTitleTest status=FAILURE method=NOPCommerceDemo1.pageTitleTest()[pri:0, instance:com.hubdpot.tests.NOPCommerceDemo1@5700d6b1] output={null}]]]>
              </value>
            </param>
          </params>
          <reporter-output>
          </reporter-output>
        </test-method> <!-- tearDown -->
        <test-method status="PASS" signature="setUp()[pri:0, instance:com.hubdpot.tests.NOPCommerceDemo1@5700d6b1]" name="setUp" is-config="true" duration-ms="6790" started-at="2020-01-03T01:59:00Z" finished-at="2020-01-03T01:59:06Z">
          <reporter-output>
          </reporter-output>
        </test-method> <!-- setUp -->
        <test-method status="PASS" signature="pageURLTest()[pri:0, instance:com.hubdpot.tests.NOPCommerceDemo1@5700d6b1]" name="pageURLTest" duration-ms="31" started-at="2020-01-03T01:59:06Z" finished-at="2020-01-03T01:59:06Z">
          <reporter-output>
          </reporter-output>
        </test-method> <!-- pageURLTest -->
        <test-method status="PASS" signature="tearDown(org.testng.ITestResult)[pri:0, instance:com.hubdpot.tests.NOPCommerceDemo1@5700d6b1]" name="tearDown" is-config="true" duration-ms="829" started-at="2020-01-03T01:59:06Z" finished-at="2020-01-03T01:59:07Z">
          <params>
            <param index="0">
              <value>
                <![CDATA[[TestResult name=pageURLTest status=SUCCESS method=NOPCommerceDemo1.pageURLTest()[pri:0, instance:com.hubdpot.tests.NOPCommerceDemo1@5700d6b1] output={null}]]]>
              </value>
            </param>
          </params>
          <reporter-output>
          </reporter-output>
        </test-method> <!-- tearDown -->
        <test-method status="PASS" signature="endReport()[pri:0, instance:com.hubdpot.tests.NOPCommerceDemo1@5700d6b1]" name="endReport" is-config="true" duration-ms="598" started-at="2020-01-03T01:59:23Z" finished-at="2020-01-03T01:59:24Z">
          <reporter-output>
          </reporter-output>
        </test-method> <!-- endReport -->
        <test-method status="PASS" signature="endReport()[pri:0, instance:com.hubdpot.tests.NOPCommerceDemo2@6fd02e5]" name="endReport" is-config="true" duration-ms="95" started-at="2020-01-03T01:59:24Z" finished-at="2020-01-03T01:59:24Z">
          <reporter-output>
          </reporter-output>
        </test-method> <!-- endReport -->
      </class> <!-- com.hubdpot.tests.NOPCommerceDemo1 -->
    </test> <!-- Test -->
  </suite> <!-- Suite -->
</testng-results>
